<?xml version="1.0" encoding="UTF-8"?>
<testsuite name="dev.tidesapp.wearos.download.data.download.SegmentDownloaderTest" tests="5" skipped="0" failures="0" errors="0" timestamp="2026-05-01T04:02:27.875Z" hostname="Filips-MacBook-Pro.local" time="1.038">
  <properties/>
  <testcase name="downloadSegmentToFile writes bytes to new file" classname="dev.tidesapp.wearos.download.data.download.SegmentDownloaderTest" time="1.007"/>
  <testcase name="downloadSegmentToFile appends to existing file" classname="dev.tidesapp.wearos.download.data.download.SegmentDownloaderTest" time="0.005"/>
  <testcase name="downloadSegmentToFile overwrites when append is false" classname="dev.tidesapp.wearos.download.data.download.SegmentDownloaderTest" time="0.004"/>
  <testcase name="downloadSegmentToFile throws on HTTP error" classname="dev.tidesapp.wearos.download.data.download.SegmentDownloaderTest" time="0.007"/>
  <testcase name="downloadSegmentToFile streams large data without OOM" classname="dev.tidesapp.wearos.download.data.download.SegmentDownloaderTest" time="0.014"/>
  <system-out><![CDATA[]]></system-out>
  <system-err><![CDATA[SLF4J(W): No SLF4J providers were found.
SLF4J(W): Defaulting to no-operation (NOP) logger implementation
SLF4J(W): See https://www.slf4j.org/codes.html#noProviders for further details.
]]></system-err>
</testsuite>
