<?xml version="1.0" encoding="UTF-8"?>
<testsuite name="dev.tidesapp.wearos.download.data.manifest.DashManifestParserTest" tests="15" skipped="0" failures="0" errors="0" timestamp="2026-05-01T04:02:29.314Z" hostname="Filips-MacBook-Pro.local" time="0.039">
  <properties/>
  <testcase name="parseDuration handles minutes and seconds" classname="dev.tidesapp.wearos.download.data.manifest.DashManifestParserTest" time="0.0"/>
  <testcase name="parse manifest with multiple S entries" classname="dev.tidesapp.wearos.download.data.manifest.DashManifestParserTest" time="0.023"/>
  <testcase name="parse real manifest returns correct media URLs" classname="dev.tidesapp.wearos.download.data.manifest.DashManifestParserTest" time="0.002"/>
  <testcase name="parseDuration handles seconds only" classname="dev.tidesapp.wearos.download.data.manifest.DashManifestParserTest" time="0.0"/>
  <testcase name="parse real manifest returns correct duration" classname="dev.tidesapp.wearos.download.data.manifest.DashManifestParserTest" time="0.001"/>
  <testcase name="parse real manifest returns correct sample rate" classname="dev.tidesapp.wearos.download.data.manifest.DashManifestParserTest" time="0.001"/>
  <testcase name="parse real manifest returns correct bandwidth" classname="dev.tidesapp.wearos.download.data.manifest.DashManifestParserTest" time="0.001"/>
  <testcase name="parse real manifest returns correct segment count" classname="dev.tidesapp.wearos.download.data.manifest.DashManifestParserTest" time="0.001"/>
  <testcase name="parse manifest with single segment" classname="dev.tidesapp.wearos.download.data.manifest.DashManifestParserTest" time="0.001"/>
  <testcase name="parse real manifest returns correct codec" classname="dev.tidesapp.wearos.download.data.manifest.DashManifestParserTest" time="0.001"/>
  <testcase name="parseDuration handles hours" classname="dev.tidesapp.wearos.download.data.manifest.DashManifestParserTest" time="0.0"/>
  <testcase name="parse malformed XML throws" classname="dev.tidesapp.wearos.download.data.manifest.DashManifestParserTest" time="0.004"/>
  <testcase name="parse base64 encoded manifest" classname="dev.tidesapp.wearos.download.data.manifest.DashManifestParserTest" time="0.002"/>
  <testcase name="parse real manifest returns correct init URL" classname="dev.tidesapp.wearos.download.data.manifest.DashManifestParserTest" time="0.001"/>
  <testcase name="parseDuration handles minutes only" classname="dev.tidesapp.wearos.download.data.manifest.DashManifestParserTest" time="0.0"/>
  <system-out><![CDATA[]]></system-out>
  <system-err><![CDATA[[Fatal Error] :1:1: Content is not allowed in prolog.
]]></system-err>
</testsuite>
