<?xml version="1.0" encoding="UTF-8"?>
<testsuite name="dev.tidesapp.wearos.download.data.worker.DownloadWorkSchedulerTest" tests="7" skipped="0" failures="0" errors="0" timestamp="2026-05-01T04:02:30.068Z" hostname="Filips-MacBook-Pro.local" time="0.061">
  <properties/>
  <testcase name="enqueueCollectionDownload uses CONNECTED constraint when not wifiOnly" classname="dev.tidesapp.wearos.download.data.worker.DownloadWorkSchedulerTest" time="0.051"/>
  <testcase name="cancelCollectionDownload cancels unique work with correct name" classname="dev.tidesapp.wearos.download.data.worker.DownloadWorkSchedulerTest" time="0.001"/>
  <testcase name="enqueueCollectionDownload uses UNMETERED constraint when wifiOnly" classname="dev.tidesapp.wearos.download.data.worker.DownloadWorkSchedulerTest" time="0.002"/>
  <testcase name="enqueueCollectionDownload tags work with download tag" classname="dev.tidesapp.wearos.download.data.worker.DownloadWorkSchedulerTest" time="0.002"/>
  <testcase name="enqueueCollectionDownload enqueues unique work with correct name" classname="dev.tidesapp.wearos.download.data.worker.DownloadWorkSchedulerTest" time="0.002"/>
  <testcase name="enqueueCollectionDownload sets correct input data" classname="dev.tidesapp.wearos.download.data.worker.DownloadWorkSchedulerTest" time="0.002"/>
  <testcase name="cancelAll cancels all work by download tag" classname="dev.tidesapp.wearos.download.data.worker.DownloadWorkSchedulerTest" time="0.001"/>
  <system-out><![CDATA[]]></system-out>
  <system-err><![CDATA[]]></system-err>
</testsuite>
