<?xml version="1.0" encoding="UTF-8"?>
<testsuite name="dev.tidesapp.wearos.download.domain.model.DomainModelsTest" tests="14" skipped="0" failures="0" errors="0" timestamp="2026-05-01T04:02:30.434Z" hostname="Filips-MacBook-Pro.local" time="0.001">
  <properties/>
  <testcase name="OfflineRegistration equality works correctly" classname="dev.tidesapp.wearos.download.domain.model.DomainModelsTest" time="0.0"/>
  <testcase name="DownloadedTrack copy changes only specified fields" classname="dev.tidesapp.wearos.download.domain.model.DomainModelsTest" time="0.0"/>
  <testcase name="OfflineRegistration construction holds correct values" classname="dev.tidesapp.wearos.download.domain.model.DomainModelsTest" time="0.0"/>
  <testcase name="DownloadedCollection construction holds correct values" classname="dev.tidesapp.wearos.download.domain.model.DomainModelsTest" time="0.0"/>
  <testcase name="StorageInfo equality works correctly" classname="dev.tidesapp.wearos.download.domain.model.DomainModelsTest" time="0.0"/>
  <testcase name="DownloadState has all expected values" classname="dev.tidesapp.wearos.download.domain.model.DomainModelsTest" time="0.0"/>
  <testcase name="DownloadedCollection copy changes only specified fields" classname="dev.tidesapp.wearos.download.domain.model.DomainModelsTest" time="0.0"/>
  <testcase name="DownloadedCollection equality works correctly" classname="dev.tidesapp.wearos.download.domain.model.DomainModelsTest" time="0.0"/>
  <testcase name="OfflineRegistration authorizedAt can be null" classname="dev.tidesapp.wearos.download.domain.model.DomainModelsTest" time="0.0"/>
  <testcase name="StorageInfo construction holds correct values" classname="dev.tidesapp.wearos.download.domain.model.DomainModelsTest" time="0.0"/>
  <testcase name="DownloadedTrack construction holds correct values" classname="dev.tidesapp.wearos.download.domain.model.DomainModelsTest" time="0.0"/>
  <testcase name="DownloadedTrack equality works correctly" classname="dev.tidesapp.wearos.download.domain.model.DomainModelsTest" time="0.0"/>
  <testcase name="CollectionType has all expected values" classname="dev.tidesapp.wearos.download.domain.model.DomainModelsTest" time="0.0"/>
  <testcase name="StorageInfo copy changes only specified fields" classname="dev.tidesapp.wearos.download.domain.model.DomainModelsTest" time="0.0"/>
  <system-out><![CDATA[]]></system-out>
  <system-err><![CDATA[]]></system-err>
</testsuite>
