<?xml version="1.0" encoding="UTF-8"?>
<testsuite name="dev.tidesapp.wearos.download.ui.downloads.DownloadsViewModelTest" tests="7" skipped="0" failures="0" errors="0" timestamp="2026-05-01T04:02:30.475Z" hostname="Filips-MacBook-Pro.local" time="0.014">
  <properties/>
  <testcase name="empty collections emits Empty state" classname="dev.tidesapp.wearos.download.ui.downloads.DownloadsViewModelTest" time="0.002"/>
  <testcase name="state updates when collections change" classname="dev.tidesapp.wearos.download.ui.downloads.DownloadsViewModelTest" time="0.002"/>
  <testcase name="initial state is Loading" classname="dev.tidesapp.wearos.download.ui.downloads.DownloadsViewModelTest" time="0.001"/>
  <testcase name="Success state includes storage info" classname="dev.tidesapp.wearos.download.ui.downloads.DownloadsViewModelTest" time="0.001"/>
  <testcase name="CollectionClicked emits NavigateToCollection effect" classname="dev.tidesapp.wearos.download.ui.downloads.DownloadsViewModelTest" time="0.003"/>
  <testcase name="ManageStorageClicked emits NavigateToDownloadManager effect" classname="dev.tidesapp.wearos.download.ui.downloads.DownloadsViewModelTest" time="0.003"/>
  <testcase name="non-empty collections emits Success state" classname="dev.tidesapp.wearos.download.ui.downloads.DownloadsViewModelTest" time="0.002"/>
  <system-out><![CDATA[]]></system-out>
  <system-err><![CDATA[]]></system-err>
</testsuite>
