<?xml version="1.0" encoding="UTF-8"?>
<testsuite name="dev.tidesapp.wearos.download.ui.downloadmanager.DownloadManagerViewModelTest" tests="6" skipped="0" failures="0" errors="0" timestamp="2026-05-01T04:02:30.436Z" hostname="Filips-MacBook-Pro.local" time="0.038">
  <properties/>
  <testcase name="DeleteCollection cancels work and deletes from repository" classname="dev.tidesapp.wearos.download.ui.downloadmanager.DownloadManagerViewModelTest" time="0.029"/>
  <testcase name="initial state is Loading" classname="dev.tidesapp.wearos.download.ui.downloadmanager.DownloadManagerViewModelTest" time="0.001"/>
  <testcase name="empty collections still emits Loaded state" classname="dev.tidesapp.wearos.download.ui.downloadmanager.DownloadManagerViewModelTest" time="0.001"/>
  <testcase name="observes collections and storage info into Loaded state" classname="dev.tidesapp.wearos.download.ui.downloadmanager.DownloadManagerViewModelTest" time="0.002"/>
  <testcase name="ClearAll cancels all work and clears storage" classname="dev.tidesapp.wearos.download.ui.downloadmanager.DownloadManagerViewModelTest" time="0.003"/>
  <testcase name="state updates reactively when collections change" classname="dev.tidesapp.wearos.download.ui.downloadmanager.DownloadManagerViewModelTest" time="0.002"/>
  <system-out><![CDATA[]]></system-out>
  <system-err><![CDATA[]]></system-err>
</testsuite>
